<?xml version="1.0" encoding="UTF-8"?>
<!-- Generated by org.testng.reporters.JUnitReportReporter -->
<testsuite hostname="DESKTOP-6LDC70F" failures="0" tests="1" name="test.FlightTest" time="20.266" errors="0" timestamp="2023-10-05T15:30:41 GMT-08:00" skipped="0">
  <testcase classname="test.FlightTest" name="f" time="20.266"/>
  <system-out/>
</testsuite> <!-- test.FlightTest -->
