<?xml version="1.0" encoding="UTF-8"?>
<!-- Generated by org.testng.reporters.JUnitReportReporter -->
<testsuite hostname="DESKTOP-6LDC70F" failures="0" tests="1" name="test.RegisterTest" time="46.914" errors="0" timestamp="2023-10-06T10:20:33 GMT-08:00" skipped="0">
  <testcase classname="test.RegisterTest" name="f" time="46.914"/>
  <system-out/>
</testsuite> <!-- test.RegisterTest -->
