<?xml version="1.0" encoding="UTF-8"?>
<!-- Generated by org.testng.reporters.JUnitReportReporter -->
<testsuite hostname="DESKTOP-6LDC70F" failures="0" tests="1" name="test.LoginTest" time="34.600" errors="0" timestamp="2023-10-05T10:25:31 GMT-08:00" skipped="0">
  <testcase classname="test.LoginTest" name="f" time="34.600"/>
  <system-out/>
</testsuite> <!-- test.LoginTest -->
